c:\project\opencv\ann\ann\x64\debug\ann.pch
c:\project\opencv\ann\ann\x64\debug\vc141.pdb
c:\project\opencv\ann\ann\x64\debug\vc141.idb
c:\project\opencv\ann\ann\x64\debug\stdafx.obj
c:\project\opencv\ann\ann\x64\debug\ann.obj
c:\project\opencv\ann\ann\x64\debug\main.obj
c:\project\opencv\ann_c\ann\x64\debug\ann.pch
c:\project\opencv\ann_c\ann\x64\debug\vc141.pdb
c:\project\opencv\ann_c\ann\x64\debug\vc141.idb
c:\project\opencv\ann_c\ann\x64\debug\stdafx.obj
c:\project\opencv\ann_c\ann\x64\debug\main.obj
c:\project\opencv\ann_c\ann\x64\debug\ann.obj
c:\project\opencv\ann\x64\debug\ann.exe
c:\project\opencv\ann\x64\debug\ann.ilk
c:\project\opencv\ann\x64\debug\ann.pdb
c:\project\opencv\ann_c\x64\debug\ann.exe
c:\project\opencv\ann_c\x64\debug\ann.ilk
c:\project\opencv\ann_c\x64\debug\ann.pdb
c:\project\opencv\ann_c\ann\x64\debug\ann.tlog\cl.command.1.tlog
c:\project\opencv\ann_c\ann\x64\debug\ann.tlog\cl.read.1.tlog
c:\project\opencv\ann_c\ann\x64\debug\ann.tlog\cl.write.1.tlog
c:\project\opencv\ann_c\ann\x64\debug\ann.tlog\link.command.1.tlog
c:\project\opencv\ann_c\ann\x64\debug\ann.tlog\link.read.1.tlog
c:\project\opencv\ann_c\ann\x64\debug\ann.tlog\link.write.1.tlog
